\BOOKMARK [0][]{chapter*.2}{\376\377\004\022\004\062\004\065\004\064\004\065\004\075\004\070\004\065}{}% 1
\BOOKMARK [0][]{chapter.1}{\376\377\004\023\004\073\004\060\004\062\004\060\000\040\0001\000.\000\040\000\040\000S\000i\000n\000g\000u\000l\000a\000r\000\040\000s\000p\000e\000c\000t\000r\000u\000m\000\040\000a\000n\000a\000l\000y\000s\000i\000s}{}% 2
\BOOKMARK [1][]{section.1.1}{\376\377\0001\000.\0001\000.\000\040\000\040\004\020\004\073\004\063\004\076\004\100\004\070\004\102\004\074\000\040\004\061\004\060\004\067\004\076\004\062\004\076\004\063\004\076\000\040\004\074\004\065\004\102\004\076\004\064\004\060\000\040\000S\000S\000A}{chapter.1}% 3
\BOOKMARK [2][-]{subsection.1.1.1}{\376\377\0001\000.\0001\000.\0001\000.\000\040\000\040\004\022\004\073\004\076\004\066\004\065\004\075\004\070\004\065}{section.1.1}% 4
\BOOKMARK [2][-]{subsection.1.1.2}{\376\377\0001\000.\0001\000.\0002\000.\000\040\000\040\004\041\004\070\004\075\004\063\004\103\004\073\004\117\004\100\004\075\004\076\004\065\000\040\004\100\004\060\004\067\004\073\004\076\004\066\004\065\004\075\004\070\004\065}{section.1.1}% 5
\BOOKMARK [2][-]{subsection.1.1.3}{\376\377\0001\000.\0001\000.\0003\000.\000\040\000\040\004\023\004\100\004\103\004\077\004\077\004\070\004\100\004\076\004\062\004\072\004\060}{section.1.1}% 6
\BOOKMARK [2][-]{subsection.1.1.4}{\376\377\0001\000.\0001\000.\0004\000.\000\040\000\040\004\040\004\065\004\072\004\076\004\075\004\101\004\102\004\100\004\103\004\072\004\106\004\070\004\117}{section.1.1}% 7
\BOOKMARK [1][]{section.1.2}{\376\377\0001\000.\0002\000.\000\040\000\040\004\040\004\060\004\075\004\063\004\070\000\040\004\100\004\117\004\064\004\060}{chapter.1}% 8
\BOOKMARK [2][-]{subsection.1.2.1}{\376\377\0001\000.\0002\000.\0001\000.\000\040\000\040\004\037\004\100\004\070\004\074\004\065\004\100}{section.1.2}% 9
\BOOKMARK [0][]{chapter.2}{\376\377\004\023\004\073\004\060\004\062\004\060\000\040\0002\000.\000\040\000\040\004\037\004\076\004\070\004\101\004\072\000\040\004\100\004\060\004\067\004\073\004\060\004\064\004\072\004\070}{}% 10
\BOOKMARK [1][]{section.2.1}{\376\377\0002\000.\0001\000.\000\040\000\040\004\034\004\060\004\102\004\100\004\070\004\106\004\060\000\040\004\075\004\065\004\076\004\064\004\075\004\076\004\100\004\076\004\064\004\075\004\076\004\101\004\102\004\070\000\040\004\070\000\040\004\104\004\103\004\075\004\072\004\106\004\070\004\070\000\040\004\075\004\065\004\076\004\064\004\075\004\076\004\100\004\076\004\064\004\075\004\076\004\101\004\102\004\070}{chapter.2}% 11
\BOOKMARK [2][-]{subsection.2.1.1}{\376\377\0002\000.\0001\000.\0001\000.\000\040\000\040\004\034\004\060\004\102\004\100\004\070\004\106\004\060\000\040\004\075\004\065\004\076\004\064\004\075\004\076\004\100\004\076\004\064\004\075\004\076\004\101\004\102\004\070}{section.2.1}% 12
\BOOKMARK [2][-]{subsection.2.1.2}{\376\377\0002\000.\0001\000.\0002\000.\000\040\000\040\004\044\004\103\004\075\004\072\004\106\004\070\004\070\000\040\004\076\004\061\004\075\004\060\004\100\004\103\004\066\004\065\004\075\004\070\004\117}{section.2.1}% 13
\BOOKMARK [1][]{section.2.2}{\376\377\0002\000.\0002\000.\000\040\000\040\004\036\004\064\004\075\004\076\004\100\004\076\004\064\004\075\004\076\004\101\004\102\004\114\000\040\004\070\000\040\004\075\004\065\004\076\004\064\004\075\004\076\004\100\004\076\004\064\004\075\004\076\004\101\004\102\004\114}{chapter.2}% 14
\BOOKMARK [2][-]{subsection.2.2.1}{\376\377\0002\000.\0002\000.\0001\000.\000\040\000\040\004\042\004\070\004\077\004\113\000\040\004\075\004\065\004\076\004\064\004\075\004\076\004\100\004\076\004\064\004\075\004\076\004\101\004\102\004\070}{section.2.2}% 15
\BOOKMARK [0][]{chapter.3}{\376\377\004\023\004\073\004\060\004\062\004\060\000\040\0003\000.\000\040\000\040\004\036\004\061\004\075\004\076\004\062\004\073\004\065\004\075\004\070\004\065\000\040\004\074\004\060\004\102\004\100\004\070\004\106\004\113\000\040\004\100\004\060\004\067\004\073\004\060\004\064\004\072\004\070}{}% 16
\BOOKMARK [1][]{section.3.1}{\376\377\0003\000.\0001\000.\000\040\000\040\004\037\004\100\004\076\004\061\004\073\004\065\004\074\004\060}{chapter.3}% 17
\BOOKMARK [1][]{section.3.2}{\376\377\0003\000.\0002\000.\000\040\000\040\004\044\004\076\004\100\004\074\004\060\004\073\004\070\004\067\004\060\004\106\004\070\004\117\000\040\004\100\004\065\004\060\004\073\004\070\004\067\004\060\004\106\004\070\004\070}{chapter.3}% 18
\BOOKMARK [1][]{section.3.3}{\376\377\0003\000.\0003\000.\000\040\000\040\004\040\004\065\004\060\004\073\004\070\004\067\004\060\004\106\004\070\004\117}{chapter.3}% 19
\BOOKMARK [1][]{section.3.4}{\376\377\0003\000.\0004\000.\000\040\000\040\004\042\004\065\004\101\004\102\004\070\004\100\004\076\004\062\004\060\004\075\004\070\004\065}{chapter.3}% 20
\BOOKMARK [0][]{chapter.4}{\376\377\004\023\004\073\004\060\004\062\004\060\000\040\0004\000.\000\040\000\040\004\041\004\100\004\060\004\062\004\075\004\065\004\075\004\070\004\065\000\040\004\104\004\103\004\075\004\072\004\106\004\070\004\071\000\040\004\100\004\060\004\067\004\073\004\060\004\064\004\072\004\070}{}% 21
\BOOKMARK [1][]{section.4.1}{\376\377\0004\000.\0001\000.\000\040\000\040\004\037\004\076\004\101\004\102\004\060\004\075\004\076\004\062\004\072\004\060\000\040\004\067\004\060\004\064\004\060\004\107\004\070}{chapter.4}% 22
\BOOKMARK [1][]{section.4.2}{\376\377\0004\000.\0002\000.\000\040\000\040\004\055\004\072\004\101\004\077\004\065\004\100\004\070\004\074\004\065\004\075\004\102\004\060\004\073\004\114\004\075\004\113\004\065\000\040\004\103\004\101\004\102\004\060\004\075\004\076\004\062\004\072\004\070}{chapter.4}% 23
\BOOKMARK [1][]{section.4.3}{\376\377\0004\000.\0003\000.\000\040\000\040\004\034\004\076\004\064\004\065\004\073\004\070\004\100\004\076\004\062\004\060\004\075\004\070\004\065}{chapter.4}% 24
\BOOKMARK [2][-]{subsection.4.3.1}{\376\377\0004\000.\0003\000.\0001\000.\000\040\000\040\004\040\004\117\004\064\004\113\000\040\004\061\004\065\004\067\000\040\004\110\004\103\004\074\004\060}{section.4.3}% 25
\BOOKMARK [2][-]{subsection.4.3.2}{\376\377\0004\000.\0003\000.\0002\000.\000\040\000\040\004\040\004\117\004\064\004\113\000\040\004\101\000\040\004\110\004\103\004\074\004\076\004\074}{section.4.3}% 26
\BOOKMARK [2][-]{subsection.4.3.3}{\376\377\0004\000.\0003\000.\0003\000.\000\040\000\040\004\022\004\113\004\062\004\076\004\064\004\113}{section.4.3}% 27
\BOOKMARK [0][]{chapter.5}{\376\377\004\023\004\073\004\060\004\062\004\060\000\040\0005\000.\000\040\000\040\004\020\004\075\004\060\004\073\004\070\004\102\004\070\004\107\004\065\004\101\004\072\004\060\004\117\000\040\004\076\004\106\004\065\004\075\004\072\004\060\000\040\004\070\004\075\004\064\004\065\004\072\004\101\004\060\000\040\004\075\004\065\004\076\004\064\004\075\004\076\004\100\004\076\004\064\004\075\004\076\004\101\004\102\004\070}{}% 28
\BOOKMARK [1][]{section.5.1}{\376\377\0005\000.\0001\000.\000\040\000\040\004\036\004\102\004\075\004\076\004\110\004\065\004\075\004\070\004\065}{chapter.5}% 29
\BOOKMARK [2][-]{subsection.5.1.1}{\376\377\0005\000.\0001\000.\0001\000.\000\040\000\040\004\027\004\075\004\060\004\074\004\065\004\075\004\060\004\102\004\065\004\073\004\114}{section.5.1}% 30
\BOOKMARK [2][-]{subsection.5.1.2}{\376\377\0005\000.\0001\000.\0002\000.\000\040\000\040\004\047\004\070\004\101\004\073\004\070\004\102\004\065\004\073\004\114}{section.5.1}% 31
\BOOKMARK [2][-]{subsection.5.1.3}{\376\377\0005\000.\0001\000.\0003\000.\000\040\000\040\004\030\004\075\004\064\004\065\004\072\004\101\000\040\004\075\004\065\004\076\004\064\004\075\004\076\004\100\004\076\004\064\004\075\004\076\004\101\004\102\004\070}{section.5.1}% 32
\BOOKMARK [0][]{chapter*.20}{\376\377\004\027\004\060\004\072\004\073\004\116\004\107\004\065\004\075\004\070\004\065}{}% 33
\BOOKMARK [0][]{chapter*.21}{\376\377\004\041\004\077\004\070\004\101\004\076\004\072\000\040\004\073\004\070\004\102\004\065\004\100\004\060\004\102\004\103\004\100\004\113}{}% 34
